# Logfile created on 2014-01-14 10:38:41 -0500 by logger.rb/36483
I, [2014-01-14T10:38:41.846760 #67062]  INFO -- : 0:  rake (10.0.4) from /Users/rmerrill/.rbenv/versions/2.0.0-p247/lib/ruby/gems/2.0.0/specifications/rake-10.0.4.gemspec
I, [2014-01-14T10:38:41.847188 #67062]  INFO -- : 0:  i18n (0.6.1) from /Users/rmerrill/.rbenv/versions/2.0.0-p247/lib/ruby/gems/2.0.0/specifications/i18n-0.6.1.gemspec
I, [2014-01-14T10:38:42.996891 #67062]  INFO -- : 0:  multi_json (1.5.0) from /Users/rmerrill/.rbenv/versions/2.0.0-p247/lib/ruby/gems/2.0.0/specifications/multi_json-1.5.0.gemspec
I, [2014-01-14T10:38:44.033918 #67062]  INFO -- : 0:  activesupport (3.2.10) from /Users/rmerrill/.rbenv/versions/2.0.0-p247/lib/ruby/gems/2.0.0/specifications/activesupport-3.2.10.gemspec
I, [2014-01-14T10:38:45.487064 #67062]  INFO -- : 0:  builder (3.1.4) from /Users/rmerrill/.rbenv/versions/2.0.0-p247/lib/ruby/gems/2.0.0/specifications/builder-3.1.4.gemspec
I, [2014-01-14T10:38:46.930580 #67062]  INFO -- : 0:  chunky_png (1.2.6) from /Users/rmerrill/.rbenv/versions/2.0.0-p247/lib/ruby/gems/2.0.0/specifications/chunky_png-1.2.6.gemspec
I, [2014-01-14T10:38:46.931174 #67062]  INFO -- : 0:  coffee-script-source (1.3.3) from /Users/rmerrill/.rbenv/versions/2.0.0-p247/lib/ruby/gems/2.0.0/specifications/coffee-script-source-1.3.3.gemspec
I, [2014-01-14T10:38:46.931602 #67062]  INFO -- : 0:  execjs (1.4.0) from /Users/rmerrill/.rbenv/versions/2.0.0-p247/lib/ruby/gems/2.0.0/specifications/execjs-1.4.0.gemspec
I, [2014-01-14T10:38:46.931898 #67062]  INFO -- : 0:  coffee-script (2.2.0) from /Users/rmerrill/.rbenv/versions/2.0.0-p247/lib/ruby/gems/2.0.0/specifications/coffee-script-2.2.0.gemspec
I, [2014-01-14T10:38:47.607249 #67062]  INFO -- : 0:  fssm (0.2.9) from /Users/rmerrill/.rbenv/versions/2.0.0-p247/lib/ruby/gems/2.0.0/specifications/fssm-0.2.9.gemspec
I, [2014-01-14T10:38:50.076640 #67062]  INFO -- : 0:  sass (3.2.5) from /Users/rmerrill/.rbenv/versions/2.0.0-p247/lib/ruby/gems/2.0.0/specifications/sass-3.2.5.gemspec
I, [2014-01-14T10:38:50.076941 #67062]  INFO -- : 0:  compass (0.12.2) from /Users/rmerrill/.rbenv/versions/2.0.0-p247/lib/ruby/gems/2.0.0/specifications/compass-0.12.2.gemspec
I, [2014-01-14T10:38:55.603658 #67062]  INFO -- : 0:  ffi (1.2.0) from /Users/rmerrill/.rbenv/versions/2.0.0-p247/lib/ruby/gems/2.0.0/specifications/ffi-1.2.0.gemspec
I, [2014-01-14T10:38:56.781023 #67062]  INFO -- : 0:  haml (3.1.7) from /Users/rmerrill/.rbenv/versions/2.0.0-p247/lib/ruby/gems/2.0.0/specifications/haml-3.1.7.gemspec
I, [2014-01-14T10:38:57.451624 #67062]  INFO -- : 0:  hike (1.2.1) from /Users/rmerrill/.rbenv/versions/2.0.0-p247/lib/ruby/gems/2.0.0/specifications/hike-1.2.1.gemspec
I, [2014-01-14T10:38:57.451896 #67062]  INFO -- : 0:  rack (1.4.1) from /Users/rmerrill/.rbenv/versions/2.0.0-p247/lib/ruby/gems/2.0.0/specifications/rack-1.4.1.gemspec
I, [2014-01-14T10:38:57.452081 #67062]  INFO -- : 0:  url_mount (0.2.1) from /Users/rmerrill/.rbenv/versions/2.0.0-p247/lib/ruby/gems/2.0.0/specifications/url_mount-0.2.1.gemspec
I, [2014-01-14T10:38:57.452255 #67062]  INFO -- : 0:  http_router (0.10.2) from /Users/rmerrill/.rbenv/versions/2.0.0-p247/lib/ruby/gems/2.0.0/specifications/http_router-0.10.2.gemspec
I, [2014-01-14T10:38:58.160327 #67062]  INFO -- : 0:  listen (0.5.3) from /Users/rmerrill/.rbenv/versions/2.0.0-p247/lib/ruby/gems/2.0.0/specifications/listen-0.5.3.gemspec
I, [2014-01-14T10:38:58.160781 #67062]  INFO -- : 0:  syntax (1.0.0) from /Users/rmerrill/.rbenv/versions/2.0.0-p247/lib/ruby/gems/2.0.0/specifications/syntax-1.0.0.gemspec
I, [2014-01-14T10:38:58.161006 #67062]  INFO -- : 0:  maruku (0.6.1) from /Users/rmerrill/.rbenv/versions/2.0.0-p247/lib/ruby/gems/2.0.0/specifications/maruku-0.6.1.gemspec
I, [2014-01-14T10:38:58.161170 #67062]  INFO -- : 0:  bundler (1.5.1) from /Users/rmerrill/.rbenv/versions/2.0.0-p247/lib/ruby/gems/2.0.0/specifications/bundler-1.5.1.gemspec
I, [2014-01-14T10:38:58.161395 #67062]  INFO -- : 0:  rack-test (0.6.2) from /Users/rmerrill/.rbenv/versions/2.0.0-p247/lib/ruby/gems/2.0.0/specifications/rack-test-0.6.2.gemspec
I, [2014-01-14T10:38:58.161598 #67062]  INFO -- : 0:  rb-fsevent (0.9.3) from /Users/rmerrill/.rbenv/versions/2.0.0-p247/lib/ruby/gems/2.0.0/specifications/rb-fsevent-0.9.3.gemspec
I, [2014-01-14T10:38:58.855611 #67062]  INFO -- : 0:  rb-inotify (0.8.8) from /Users/rmerrill/.rbenv/versions/2.0.0-p247/lib/ruby/gems/2.0.0/specifications/rb-inotify-0.8.8.gemspec
I, [2014-01-14T10:38:58.855982 #67062]  INFO -- : 0:  thor (0.15.4) from /Users/rmerrill/.rbenv/versions/2.0.0-p247/lib/ruby/gems/2.0.0/specifications/thor-0.15.4.gemspec
I, [2014-01-14T10:38:58.856258 #67062]  INFO -- : 0:  tilt (1.3.3) from /Users/rmerrill/.rbenv/versions/2.0.0-p247/lib/ruby/gems/2.0.0/specifications/tilt-1.3.3.gemspec
I, [2014-01-14T10:39:00.034559 #67062]  INFO -- : 0:  middleman-core (3.0.7) from /Users/rmerrill/.rbenv/versions/2.0.0-p247/lib/ruby/gems/2.0.0/specifications/middleman-core-3.0.7.gemspec
I, [2014-01-14T10:39:00.734523 #67062]  INFO -- : 0:  rack-protection (1.3.2) from /Users/rmerrill/.rbenv/versions/2.0.0-p247/lib/ruby/gems/2.0.0/specifications/rack-protection-1.3.2.gemspec
I, [2014-01-14T10:39:00.734963 #67062]  INFO -- : 0:  sinatra (1.3.3) from /Users/rmerrill/.rbenv/versions/2.0.0-p247/lib/ruby/gems/2.0.0/specifications/sinatra-1.3.3.gemspec
I, [2014-01-14T10:39:00.735199 #67062]  INFO -- : 0:  padrino-core (0.10.7) from /Users/rmerrill/.rbenv/versions/2.0.0-p247/lib/ruby/gems/2.0.0/specifications/padrino-core-0.10.7.gemspec
I, [2014-01-14T10:39:00.735414 #67062]  INFO -- : 0:  padrino-helpers (0.10.7) from /Users/rmerrill/.rbenv/versions/2.0.0-p247/lib/ruby/gems/2.0.0/specifications/padrino-helpers-0.10.7.gemspec
I, [2014-01-14T10:39:00.735627 #67062]  INFO -- : 0:  uglifier (1.2.7) from /Users/rmerrill/.rbenv/versions/2.0.0-p247/lib/ruby/gems/2.0.0/specifications/uglifier-1.2.7.gemspec
I, [2014-01-14T10:39:01.809360 #67062]  INFO -- : 0:  middleman-more (3.0.7) from /Users/rmerrill/.rbenv/versions/2.0.0-p247/lib/ruby/gems/2.0.0/specifications/middleman-more-3.0.7.gemspec
I, [2014-01-14T10:39:02.539212 #67062]  INFO -- : 0:  sprockets (2.4.5) from /Users/rmerrill/.rbenv/versions/2.0.0-p247/lib/ruby/gems/2.0.0/specifications/sprockets-2.4.5.gemspec
I, [2014-01-14T10:39:05.988692 #67062]  INFO -- : 0:  sprockets-sass (0.9.1) from /Users/rmerrill/.rbenv/versions/2.0.0-p247/lib/ruby/gems/2.0.0/specifications/sprockets-sass-0.9.1.gemspec
I, [2014-01-14T10:39:06.761389 #67062]  INFO -- : 0:  middleman-sprockets (3.0.6) from /Users/rmerrill/.rbenv/versions/2.0.0-p247/lib/ruby/gems/2.0.0/specifications/middleman-sprockets-3.0.6.gemspec
I, [2014-01-14T10:39:07.381492 #67062]  INFO -- : 0:  middleman (3.0.7) from /Users/rmerrill/.rbenv/versions/2.0.0-p247/lib/ruby/gems/2.0.0/specifications/middleman-3.0.7.gemspec
I, [2014-01-14T10:39:09.006483 #67062]  INFO -- : 0:  tzinfo (0.3.35) from /Users/rmerrill/.rbenv/versions/2.0.0-p247/lib/ruby/gems/2.0.0/specifications/tzinfo-0.3.35.gemspec
I, [2014-01-14T10:39:09.757641 #67062]  INFO -- : 0:  middleman-blog (3.1.1) from /Users/rmerrill/.rbenv/versions/2.0.0-p247/lib/ruby/gems/2.0.0/specifications/middleman-blog-3.1.1.gemspec
I, [2014-01-14T10:39:10.455433 #67062]  INFO -- : 0:  ptools (1.2.2) from /Users/rmerrill/.rbenv/versions/2.0.0-p247/lib/ruby/gems/2.0.0/specifications/ptools-1.2.2.gemspec
I, [2014-01-14T10:39:11.345609 #67062]  INFO -- : 0:  middleman-deploy (0.0.9) from /Users/rmerrill/.rbenv/versions/2.0.0-p247/lib/ruby/gems/2.0.0/specifications/middleman-deploy-0.0.9.gemspec
I, [2014-01-14T10:39:12.067224 #67062]  INFO -- : 0:  susy (1.0.5) from /Users/rmerrill/.rbenv/versions/2.0.0-p247/lib/ruby/gems/2.0.0/specifications/susy-1.0.5.gemspec
